<?xml version="1.0" encoding="UTF-8"?>
<testng-results skipped="0" failed="0" ignored="0" total="1" passed="1">
  <reporter-output>
  </reporter-output>
  <suite name="Suite" duration-ms="11212" started-at="2022-03-23T02:19:12Z" finished-at="2022-03-23T02:19:23Z">
    <groups>
    </groups>
    <test name="Test" duration-ms="11212" started-at="2022-03-23T02:19:12Z" finished-at="2022-03-23T02:19:23Z">
      <class name="sample.Testss">
        <test-method status="PASS" signature="sample()[pri:0, instance:sample.Testss@49e4cb85]" name="sample" duration-ms="11173" started-at="2022-03-23T07:49:12Z" finished-at="2022-03-23T07:49:23Z">
          <reporter-output>
          </reporter-output>
        </test-method> <!-- sample -->
      </class> <!-- sample.Testss -->
    </test> <!-- Test -->
  </suite> <!-- Suite -->
</testng-results>
