<?xml version="1.0" encoding="UTF-8"?>
<testng-results ignored="0" total="1" passed="1" failed="0" skipped="0">
  <reporter-output>
  </reporter-output>
  <suite started-at="2022-03-20T05:29:13Z" name="Suite" finished-at="2022-03-20T05:29:22Z" duration-ms="8933">
    <groups>
    </groups>
    <test started-at="2022-03-20T05:29:13Z" name="Test" finished-at="2022-03-20T05:29:22Z" duration-ms="8933">
      <class name="sample.Testss">
        <test-method signature="sample()[pri:0, instance:sample.Testss@3af9c5b7]" started-at="2022-03-20T10:59:13Z" name="sample" finished-at="2022-03-20T10:59:22Z" duration-ms="8898" status="PASS">
          <reporter-output>
          </reporter-output>
        </test-method> <!-- sample -->
      </class> <!-- sample.Testss -->
    </test> <!-- Test -->
  </suite> <!-- Suite -->
</testng-results>
